<?xml version="1.0" encoding="UTF-8"?>
<!-- Generated by org.testng.reporters.JUnitXMLReporter -->
<testsuite hostname="US-PF2HXKRR" ignored="0" name="Test" tests="6" failures="0" timestamp="2022-04-16T23:06:52 IST" time="0.052" errors="0">
  <testcase name="PostJira" time="0.006" classname="PracticeMaven.MavenExample.RESTAPIAssuredTest"/>
  <testcase name="deleteTwitter" time="0.0" classname="PracticeMaven.MavenExample.RESTAPIAssuredTest"/>
  <testcase name="NativeApp" time="0.0" classname="PracticeMaven.MavenExample.AppiumTest"/>
  <testcase name="iOSApp" time="0.0" classname="PracticeMaven.MavenExample.AppiumTest"/>
  <testcase name="WebBrowser" time="0.0" classname="PracticeMaven.MavenExample.SeleniumJavaTest"/>
  <testcase name="WebTesting" time="0.001" classname="PracticeMaven.MavenExample.SeleniumJavaTest"/>
</testsuite> <!-- Test -->
